<?xml version="1.0" encoding="UTF-8"?>
<testsuite name="MazeRunnerTest" tests="1" skipped="0" failures="0" errors="0" timestamp="2023-07-03T23:40:24" hostname="DESKTOP-3RC695S" time="4.546">
  <properties/>
  <testcase name="start" classname="MazeRunnerTest" time="4.546"/>
  <system-out><![CDATA[?[1;31m
Start test 1?[0m
1.Generate a new maze.
2.Load a maze.
0. Exit
> 1
Please, enter the size of a maze
> 17
██████████████████████████████████
                              ████
██                  ██          ██
██████  ██████  ██          ██  ██
██        ████        ████      ██
██  ██                      ██  ██
██      ██              ██      ██
██        ████  ██████      ██  ██
██  ██████                      ██
██          ██                  ██
██  ██        ████████  ██      ██
██                              ██
██          ██        ██        ██
██  ██          ██    ████████  ██
██        ██                    ██
██          ████                  
██████████████████████████████████
1.Generate a new maze.
2.Load a maze.
0. Exit
> 0
Bye
?[1;31m
Start test 2?[0m
1.Generate a new maze.
2.Load a maze.
0. Exit
> 1
Please, enter the size of a maze
> 29
██████████████████████████████████████████████████████████
      ██                      ██            ██          ██
██              ██                                      ██
██████      ██              ██  ████    ████            ██
██                              ██            ██        ██
████  ██        ████████                            ██  ██
██          ██    ██              ██████  ██    ████  ████
██                    ██████████  ██                    ██
████    ████  ████          ██                          ██
██  ██                                                  ██
██        ██                                    ██      ██
██  ██        ██              ██████  ████          ██  ██
██    ████        ████                ████    ████      ██
██    ██                        ██      ██              ██
██  ██    ██  ██  ████  ██        ████                  ██
██        ██    ██        ██          ██  ████████  ██████
██                    ██    ██  ██            ████      ██
██  ██                              ██              ██  ██
██                                    ██              ████
████  ██          ████      ████        ██        ██    ██
██      ████                                        ██  ██
██                              ██████                  ██
██  ██  ██          ██████                              ██
██              ██            ████                  ██  ██
██                                        ██████        ██
██  ██████  ████  ██          ██            ██    ████  ██
██                                                      ██
██                                    ██                  
██████████████████████████████████████████████████████████
1.Generate a new maze.
2.Load a maze.
0. Exit
> 3
Enter file name
> test_maze.txt
1.Generate a new maze.
2.Load a maze.
3.Save the maze.
4.Display the maze.
5.Solve the maze.
0. Exit
> 0
Bye
?[1;31m
Start test 3?[0m
1.Generate a new maze.
2.Load a maze.
0. Exit
> 2
enter file path
> test_maze.txt
1.Generate a new maze.
2.Load a maze.
3.Save the maze.
4.Display the maze.
5.Solve the maze.
0. Exit
> 4
██████████████████████████████████████████████████████████
      ██                      ██            ██          ██
██              ██                                      ██
██████      ██              ██  ████    ████            ██
██                              ██            ██        ██
████  ██        ████████                            ██  ██
██          ██    ██              ██████  ██    ████  ████
██                    ██████████  ██                    ██
████    ████  ████          ██                          ██
██  ██                                                  ██
██        ██                                    ██      ██
██  ██        ██              ██████  ████          ██  ██
██    ████        ████                ████    ████      ██
██    ██                        ██      ██              ██
██  ██    ██  ██  ████  ██        ████                  ██
██        ██    ██        ██          ██  ████████  ██████
██                    ██    ██  ██            ████      ██
██  ██                              ██              ██  ██
██                                    ██              ████
████  ██          ████      ████        ██        ██    ██
██      ████                                        ██  ██
██                              ██████                  ██
██  ██  ██          ██████                              ██
██              ██            ████                  ██  ██
██                                        ██████        ██
██  ██████  ████  ██          ██            ██    ████  ██
██                                                      ██
██                                    ██                  
██████████████████████████████████████████████████████████
1.Generate a new maze.
2.Load a maze.
3.Save the maze.
4.Display the maze.
5.Solve the maze.
0. Exit
> 0
Bye
?[1;31m
Start test 4?[0m
1.Generate a new maze.
2.Load a maze.
0. Exit
> 1
Please, enter the size of a maze
> 35
██████████████████████████████████████████████████████████████████████
    ██████                  ██                        ██████        ██
██        ██          ██        ████  ██    ██  ██      ██      ██  ██
████                                                ██      ██  ██  ██
██████      ██████            ██    ██                ██            ██
████    ██                                  ██          ████        ██
██        ██████    ██████  ██    ██  ████      ████          ██    ██
████                    ██    ██                ██          ██      ██
████  ████████                            ██                        ██
██              ████              ██  ██                            ██
██          ██      ██            ██          ██            ████    ██
██  ██  ██    ██                                ████████    ██████  ██
██                                    ██          ██    ██    ██    ██
████                ████  ██      ██            ██        ██        ██
██      ██  ████        ██          ██                    ████      ██
██                                            ██          ██        ██
████                      ████    ████              ██              ██
██      ██    ██  ██████                                            ██
██                    ██  ██  ██                ██                  ██
██    ████  ██████              ████              ████          ██  ██
████              ████                        ██                    ██
██                      ██  ████                ██    ██        ██  ██
██  ██████  ██            ██  ██        ██        ██          ██    ██
██                                ████  ██  ████    ██      ██      ██
██            ██                              ██  ██    ██          ██
██                ██            ██                              ██  ██
██                                      ████    ██  ████    ██    ████
██          ██████                                  ██  ██    ██    ██
██    ██            ██████                    ██                ██  ██
██  ██                      ██          ██                      ██  ██
██              ██                                  ██    ██        ██
██        ██    ██                                ██    ██    ██    ██
██████                      ██                ██                    ██
████    ██                                                            
██████████████████████████████████████████████████████████████████████
1.Generate a new maze.
2.Load a maze.
0. Exit
> 3
Enter file name
> test_maze.txt
1.Generate a new maze.
2.Load a maze.
3.Save the maze.
4.Display the maze.
5.Solve the maze.
0. Exit
> 0
Bye
?[1;31m
Start test 5?[0m
1.Generate a new maze.
2.Load a maze.
0. Exit
> 2
enter file path
> test_maze.txt
1.Generate a new maze.
2.Load a maze.
3.Save the maze.
4.Display the maze.
5.Solve the maze.
0. Exit
> 4
██████████████████████████████████████████████████████████████████████
    ██████                  ██                        ██████        ██
██        ██          ██        ████  ██    ██  ██      ██      ██  ██
████                                                ██      ██  ██  ██
██████      ██████            ██    ██                ██            ██
████    ██                                  ██          ████        ██
██        ██████    ██████  ██    ██  ████      ████          ██    ██
████                    ██    ██                ██          ██      ██
████  ████████                            ██                        ██
██              ████              ██  ██                            ██
██          ██      ██            ██          ██            ████    ██
██  ██  ██    ██                                ████████    ██████  ██
██                                    ██          ██    ██    ██    ██
████                ████  ██      ██            ██        ██        ██
██      ██  ████        ██          ██                    ████      ██
██                                            ██          ██        ██
████                      ████    ████              ██              ██
██      ██    ██  ██████                                            ██
██                    ██  ██  ██                ██                  ██
██    ████  ██████              ████              ████          ██  ██
████              ████                        ██                    ██
██                      ██  ████                ██    ██        ██  ██
██  ██████  ██            ██  ██        ██        ██          ██    ██
██                                ████  ██  ████    ██      ██      ██
██            ██                              ██  ██    ██          ██
██                ██            ██                              ██  ██
██                                      ████    ██  ████    ██    ████
██          ██████                                  ██  ██    ██    ██
██    ██            ██████                    ██                ██  ██
██  ██                      ██          ██                      ██  ██
██              ██                                  ██    ██        ██
██        ██    ██                                ██    ██    ██    ██
██████                      ██                ██                    ██
████    ██                                                            
██████████████████████████████████████████████████████████████████████
1.Generate a new maze.
2.Load a maze.
3.Save the maze.
4.Display the maze.
5.Solve the maze.
0. Exit
> 0
Bye
?[1;31m
Start test 6?[0m
1.Generate a new maze.
2.Load a maze.
0. Exit
> 2
enter file path
> test_maze.txt
1.Generate a new maze.
2.Load a maze.
3.Save the maze.
4.Display the maze.
5.Solve the maze.
0. Exit
> 4
██████████████████████████████████████████████████████████████████████
    ██████                  ██                        ██████        ██
██        ██          ██        ████  ██    ██  ██      ██      ██  ██
████                                                ██      ██  ██  ██
██████      ██████            ██    ██                ██            ██
████    ██                                  ██          ████        ██
██        ██████    ██████  ██    ██  ████      ████          ██    ██
████                    ██    ██                ██          ██      ██
████  ████████                            ██                        ██
██              ████              ██  ██                            ██
██          ██      ██            ██          ██            ████    ██
██  ██  ██    ██                                ████████    ██████  ██
██                                    ██          ██    ██    ██    ██
████                ████  ██      ██            ██        ██        ██
██      ██  ████        ██          ██                    ████      ██
██                                            ██          ██        ██
████                      ████    ████              ██              ██
██      ██    ██  ██████                                            ██
██                    ██  ██  ██                ██                  ██
██    ████  ██████              ████              ████          ██  ██
████              ████                        ██                    ██
██                      ██  ████                ██    ██        ██  ██
██  ██████  ██            ██  ██        ██        ██          ██    ██
██                                ████  ██  ████    ██      ██      ██
██            ██                              ██  ██    ██          ██
██                ██            ██                              ██  ██
██                                      ████    ██  ████    ██    ████
██          ██████                                  ██  ██    ██    ██
██    ██            ██████                    ██                ██  ██
██  ██                      ██          ██                      ██  ██
██              ██                                  ██    ██        ██
██        ██    ██                                ██    ██    ██    ██
██████                      ██                ██                    ██
████    ██                                                            
██████████████████████████████████████████████████████████████████████
1.Generate a new maze.
2.Load a maze.
3.Save the maze.
4.Display the maze.
5.Solve the maze.
0. Exit
> 5
win
██████████████████████████████████████████████████████████████████████
////██████                  ██                        ██████        ██
██////    ██          ██        ████  ██    ██  ██      ██      ██  ██
████////                                            ██      ██  ██  ██
██████//    ██████            ██    ██                ██            ██
████  //██                                  ██          ████        ██
██    //  ██████    ██████  ██    ██  ████      ████          ██    ██
████  //////////        ██    ██                ██          ██      ██
████  ████████//                          ██                        ██
██            //████              ██  ██                            ██
██          ██////  ██            ██          ██            ████    ██
██  ██  ██    ██//                              ████████    ██████  ██
██              //                    ██          ██    ██    ██    ██
████            //  ████  ██      ██            ██        ██        ██
██      ██  ████//      ██          ██                    ████      ██
██              //                            ██          ██        ██
████            //        ████    ████              ██              ██
██      ██    ██//██████                                            ██
██              ////  ██  ██  ██                ██                  ██
██    ████  ██████//////        ████              ████          ██  ██
████              ████//                      ██                    ██
██                    //██  ████                ██    ██        ██  ██
██  ██████  ██        //  ██  ██        ██        ██          ██    ██
██                    //          ████  ██  ████    ██      ██      ██
██            ██      //                      ██  ██    ██          ██
██                ██  //        ██                              ██  ██
██                    //                ████    ██  ████    ██    ████
██          ██████    //////                        ██  ██    ██    ██
██    ██            ██████//                  ██                ██  ██
██  ██                    //██          ██                      ██  ██
██              ██        //                        ██    ██        ██
██        ██    ██        //                      ██    ██    ██    ██
██████                    //██                ██                    ██
████    ██                ////////////////////////////////////////////
██████████████████████████████████████████████████████████████████████
1.Generate a new maze.
2.Load a maze.
3.Save the maze.
4.Display the maze.
5.Solve the maze.
0. Exit
> 0
Bye
]]></system-out>
  <system-err><![CDATA[]]></system-err>
</testsuite>
